Release 14.7 Map P.20131013 (lin64)
Xilinx Mapping Report File for Design 'computer'

Design Information
------------------
Command Line   : map -detail -u -p xc6slx16-3-csg324 -pr b -c 100 -o
design_map.ncd design.ngd design.pcf 
Target Device  : xc6slx16
Target Package : csg324
Target Speed   : -3
Mapper Version : spartan6 -- $Revision: 1.55 $
Mapped Date    : Fri May 13 09:53:11 2022

Design Summary
--------------
Number of errors:      0
Number of warnings:    4
Slice Logic Utilization:
  Number of Slice Registers:                   591 out of  18,224    3%
    Number used as Flip Flops:                 577
    Number used as Latches:                     12
    Number used as Latch-thrus:                  0
    Number used as AND/OR logics:                2
  Number of Slice LUTs:                        812 out of   9,112    8%
    Number used as logic:                      790 out of   9,112    8%
      Number using O6 output only:             659
      Number using O5 output only:              29
      Number using O5 and O6:                  102
      Number used as ROM:                        0
    Number used as Memory:                       0 out of   2,176    0%
    Number used exclusively as route-thrus:     22
      Number with same-slice register load:     19
      Number with same-slice carry load:         3
      Number with other load:                    0

Slice Logic Distribution:
  Number of occupied Slices:                   345 out of   2,278   15%
  Number of MUXCYs used:                       128 out of   4,556    2%
  Number of LUT Flip Flop pairs used:        1,092
    Number with an unused Flip Flop:           547 out of   1,092   50%
    Number with an unused LUT:                 280 out of   1,092   25%
    Number of fully used LUT-FF pairs:         265 out of   1,092   24%
    Number of unique control sets:              34
    Number of slice register sites lost
      to control set restrictions:              75 out of  18,224    1%

  A LUT Flip Flop pair for this architecture represents one LUT paired with
  one Flip Flop within a slice.  A control set is a unique combination of
  clock, reset, set, and enable signals for a registered element.
  The Slice Logic Distribution report is not meaningful if the design is
  over-mapped for a non-slice resource or if Placement fails.

IO Utilization:
  Number of bonded IOBs:                        15 out of     232    6%
    Number of LOCed IOBs:                       15 out of      15  100%
    IOB Flip Flops:                              3

Specific Feature Utilization:
  Number of RAMB16BWERs:                         4 out of      32   12%
  Number of RAMB8BWERs:                          2 out of      64    3%
  Number of BUFIO2/BUFIO2_2CLKs:                 0 out of      32    0%
  Number of BUFIO2FB/BUFIO2FB_2CLKs:             0 out of      32    0%
  Number of BUFG/BUFGMUXs:                       1 out of      16    6%
    Number used as BUFGs:                        1
    Number used as BUFGMUX:                      0
  Number of DCM/DCM_CLKGENs:                     0 out of       4    0%
  Number of ILOGIC2/ISERDES2s:                   3 out of     248    1%
    Number used as ILOGIC2s:                     3
    Number used as ISERDES2s:                    0
  Number of IODELAY2/IODRP2/IODRP2_MCBs:         0 out of     248    0%
  Number of OLOGIC2/OSERDES2s:                   0 out of     248    0%
  Number of BSCANs:                              0 out of       4    0%
  Number of BUFHs:                               0 out of     128    0%
  Number of BUFPLLs:                             0 out of       8    0%
  Number of BUFPLL_MCBs:                         0 out of       4    0%
  Number of DSP48A1s:                            0 out of      32    0%
  Number of ICAPs:                               0 out of       1    0%
  Number of MCBs:                                0 out of       2    0%
  Number of PCILOGICSEs:                         0 out of       2    0%
  Number of PLL_ADVs:                            0 out of       2    0%
  Number of PMVs:                                0 out of       1    0%
  Number of STARTUPs:                            0 out of       1    0%
  Number of SUSPEND_SYNCs:                       0 out of       1    0%

Average Fanout of Non-Clock Nets:                4.37

Peak Memory Usage:  844 MB
Total REAL time to MAP completion:  13 secs 
Total CPU time to MAP completion:   12 secs 

Table of Contents
-----------------
Section 1 - Errors
Section 2 - Warnings
Section 3 - Informational
Section 4 - Removed Logic Summary
Section 5 - Removed Logic
Section 6 - IOB Properties
Section 7 - RPMs
Section 8 - Guide Report
Section 9 - Area Group and Partition Summary
Section 10 - Timing Report
Section 11 - Configuration String Information
Section 12 - Control Set Information
Section 13 - Utilization by Hierarchy

Section 1 - Errors
------------------

Section 2 - Warnings
--------------------
WARNING:Security:43 - No license file was found in the standard Xilinx license
directory.
WARNING:Security:44 - Since no license file was found,
WARNING:Security:42 - Your software subscription period has lapsed. Your current
version of Xilinx tools will continue to function, but you no longer qualify for
Xilinx software updates or new releases.
WARNING:PhysDesignRules:372 - Gated clock. Clock net
   CPU_map/bootloader_map/ascii_sign[7]_ascii_sign[7]_OR_221_o is sourced by a
   combinatorial pin. This is not good design practice. Use the CE pin to
   control the loading of data into the flip-flop.
WARNING:PhysDesignRules:372 - Gated clock. Clock net CPU_map/bootloader_map/lp
   is sourced by a combinatorial pin. This is not good design practice. Use the
   CE pin to control the loading of data into the flip-flop.
WARNING:PhysDesignRules:372 - Gated clock. Clock net
   CPU_map/bootloader_map/hex_sign_3_G is sourced by a combinatorial pin. This
   is not good design practice. Use the CE pin to control the loading of data
   into the flip-flop.
WARNING:PhysDesignRules:2410 - This design is using one or more 9K Block RAMs
   (RAMB8BWER).  9K Block RAM initialization data, both user defined and
   default, may be incorrect and should not be used.  For more information,
   please reference Xilinx Answer Record 39999.

Section 3 - Informational
-------------------------
INFO:Security:50 - The XILINXD_LICENSE_FILE environment variable is set to
'2100@xilinx.license.it.liu.se'.
INFO:Security:52 - The LM_LICENSE_FILE environment variable is set to
'1705@altera.license.it.liu.se'.
INFO:Security:54 - 'xc6slx16' is a WebPack part.
INFO:MapLib:562 - No environment variables are currently set.
INFO:LIT:244 - All of the single ended outputs in this design are using slew
   rate limited output drivers. The delay on speed critical single ended outputs
   can be dramatically reduced by designating them as fast outputs.
INFO:Pack:1716 - Initializing temperature to 85.000 Celsius. (default - Range:
   0.000 to 85.000 Celsius)
INFO:Pack:1720 - Initializing voltage to 1.140 Volts. (default - Range: 1.140 to
   1.260 Volts)
INFO:Map:215 - The Interim Design Summary has been generated in the MAP Report
   (.mrp).
INFO:Pack:1650 - Map created a placed design.

Section 4 - Removed Logic Summary
---------------------------------
   2 block(s) optimized away
  31 Block(s) redundant

Section 5 - Removed Logic
-------------------------

Optimized Block(s):
TYPE 		BLOCK
GND 		XST_GND
VCC 		XST_VCC

Redundant Block(s):
TYPE 		BLOCK
LUT1 		CPU_map/bootloader_map/Mcount_pm_addr_signal_cy<1>_rt
LUT1 		CPU_map/bootloader_map/Mcount_pm_addr_signal_cy<2>_rt
LUT1 		CPU_map/bootloader_map/Mcount_pm_addr_signal_cy<3>_rt
LUT1 		CPU_map/bootloader_map/Mcount_pm_addr_signal_cy<4>_rt
LUT1 		CPU_map/bootloader_map/Mcount_pm_addr_signal_cy<5>_rt
LUT1 		CPU_map/bootloader_map/Mcount_pm_addr_signal_cy<6>_rt
LUT1 		CPU_map/bootloader_map/Mcount_pm_addr_signal_cy<7>_rt
LUT1 		CPU_map/bootloader_map/Mcount_pm_addr_signal_cy<8>_rt
LUT1 		CPU_map/bootloader_map/Mcount_pm_addr_signal_cy<9>_rt
LUT1 		CPU_map/ALU_map/Madd_GND_7_o_GND_7_o_add_1_OUT_cy<15>_rt
LUT1 		CPU_map/ALU_map/Madd_GND_7_o_GND_7_o_add_1_OUT_cy<14>_rt
LUT1 		CPU_map/ALU_map/Madd_GND_7_o_GND_7_o_add_1_OUT_cy<13>_rt
LUT1 		CPU_map/ALU_map/Madd_GND_7_o_GND_7_o_add_1_OUT_cy<12>_rt
LUT1 		CPU_map/ALU_map/Madd_GND_7_o_GND_7_o_add_1_OUT_cy<11>_rt
LUT1 		CPU_map/ALU_map/Madd_GND_7_o_GND_7_o_add_1_OUT_cy<10>_rt
LUT1 		CPU_map/ALU_map/Madd_GND_7_o_GND_7_o_add_1_OUT_cy<9>_rt
LUT1 		CPU_map/ALU_map/Madd_GND_7_o_GND_7_o_add_1_OUT_cy<8>_rt
LUT1 		CPU_map/ALU_map/Madd_GND_7_o_GND_7_o_add_1_OUT_cy<7>_rt
LUT1 		CPU_map/ALU_map/Madd_GND_7_o_GND_7_o_add_1_OUT_cy<6>_rt
LUT1 		CPU_map/ALU_map/Madd_GND_7_o_GND_7_o_add_1_OUT_cy<5>_rt
LUT1 		CPU_map/ALU_map/Madd_GND_7_o_GND_7_o_add_1_OUT_cy<4>_rt
LUT1 		CPU_map/ALU_map/Madd_GND_7_o_GND_7_o_add_1_OUT_cy<3>_rt
LUT1 		CPU_map/ALU_map/Madd_GND_7_o_GND_7_o_add_1_OUT_cy<2>_rt
LUT1 		CPU_map/ALU_map/Madd_GND_7_o_GND_7_o_add_1_OUT_cy<1>_rt
LUT1 		CPU_map/bootloader_map/Mcount_pm_addr_signal_xor<10>_rt
LUT1 		CPU_map/ALU_map/Madd_GND_7_o_GND_7_o_add_1_OUT_xor<16>_rt
LUT1 		VGAM_map/Mcount_Ypixel_cy<8>_rt
LUT1 		VGAM_map/Mcount_Ypixel_cy<7>_rt
LUT1 		VGAM_map/Mcount_Ypixel_cy<6>_rt
LUT1 		VGAM_map/Mcount_Ypixel_cy<5>_rt
LUT1 		VGAM_map/Mcount_Xpixel_cy<7>_rt

Section 6 - IOB Properties
--------------------------

+---------------------------------------------------------------------------------------------------------------------------------------------------------+
| IOB Name                           | Type             | Direction | IO Standard          | Diff  | Drive    | Slew | Reg (s)      | Resistor | IOB      |
|                                    |                  |           |                      | Term  | Strength | Rate |              |          | Delay    |
+---------------------------------------------------------------------------------------------------------------------------------------------------------+
| Hsync                              | IOB              | OUTPUT    | LVCMOS33             |       | 12       | SLOW |              |          |          |
| PS2KeyboardCLK                     | IOB              | INPUT     | LVCMOS33             |       |          |      | IFF          | PULLUP   |          |
| PS2KeyboardData                    | IOB              | INPUT     | LVCMOS33             |       |          |      | IFF          | PULLUP   |          |
| RxD                                | IOB              | INPUT     | LVCMOS33             |       |          |      | IFF          |          |          |
| Vsync                              | IOB              | OUTPUT    | LVCMOS33             |       | 12       | SLOW |              |          |          |
| clk                                | IOB              | INPUT     | LVCMOS33             |       |          |      |              |          |          |
| rst                                | IOB              | INPUT     | LVCMOS33             |       |          |      |              |          |          |
| vgaBlue<1>                         | IOB              | OUTPUT    | LVCMOS33             |       | 12       | SLOW |              |          |          |
| vgaBlue<2>                         | IOB              | OUTPUT    | LVCMOS33             |       | 12       | SLOW |              |          |          |
| vgaGreen<0>                        | IOB              | OUTPUT    | LVCMOS33             |       | 12       | SLOW |              |          |          |
| vgaGreen<1>                        | IOB              | OUTPUT    | LVCMOS33             |       | 12       | SLOW |              |          |          |
| vgaGreen<2>                        | IOB              | OUTPUT    | LVCMOS33             |       | 12       | SLOW |              |          |          |
| vgaRed<0>                          | IOB              | OUTPUT    | LVCMOS33             |       | 12       | SLOW |              |          |          |
| vgaRed<1>                          | IOB              | OUTPUT    | LVCMOS33             |       | 12       | SLOW |              |          |          |
| vgaRed<2>                          | IOB              | OUTPUT    | LVCMOS33             |       | 12       | SLOW |              |          |          |
+---------------------------------------------------------------------------------------------------------------------------------------------------------+

Section 7 - RPMs
----------------

Section 8 - Guide Report
------------------------
Guide not run on this design.

Section 9 - Area Group and Partition Summary
--------------------------------------------

Partition Implementation Status
-------------------------------

  No Partitions were found in this design.

-------------------------------

Area Group Information
----------------------

  No area groups were found in this design.

----------------------

Section 10 - Timing Report
--------------------------
A logic-level (pre-route) timing report can be generated by using Xilinx static
timing analysis tools, Timing Analyzer (GUI) or TRCE (command line), with the
mapped NCD and PCF files. Please note that this timing report will be generated
using estimated delay information. For accurate numbers, please generate a
timing report with the post Place and Route NCD file.

For more information about the Timing Analyzer, consult the Xilinx Timing
Analyzer Reference Manual; for more information about TRCE, consult the Xilinx
Command Line Tools User Guide "TRACE" chapter.

Section 11 - Configuration String Details
-----------------------------------------

Section 12 - Control Set Information
------------------------------------
+-------------------------------------------------------------------------------------------------------------------------------------------------------------------------------------------------------------------------------------+
| Clock Signal                                                 | Reset Signal                                                | Set Signal | Enable Signal                                         | Slice Load Count | Bel Load Count |
+-------------------------------------------------------------------------------------------------------------------------------------------------------------------------------------------------------------------------------------+
| clk_BUFGP                                                    |                                                             |            | CPU_map/Register_map/_n0267_inv                       | 4                | 16             |
| clk_BUFGP                                                    |                                                             |            | CPU_map/Register_map/_n0271_inv                       | 4                | 16             |
| clk_BUFGP                                                    |                                                             |            | CPU_map/Register_map/_n0275_inv                       | 4                | 16             |
| clk_BUFGP                                                    |                                                             |            | CPU_map/Register_map/_n0279_inv                       | 7                | 16             |
| clk_BUFGP                                                    |                                                             |            | CPU_map/Register_map/_n0283_inv                       | 4                | 16             |
| clk_BUFGP                                                    |                                                             |            | CPU_map/Register_map/_n0287_inv                       | 4                | 16             |
| clk_BUFGP                                                    |                                                             |            | CPU_map/Register_map/_n0291_inv                       | 4                | 16             |
| clk_BUFGP                                                    |                                                             |            | CPU_map/Register_map/_n0295_inv                       | 4                | 16             |
| clk_BUFGP                                                    |                                                             |            | CPU_map/Register_map/_n0299_inv                       | 7                | 16             |
| clk_BUFGP                                                    |                                                             |            | CPU_map/Register_map/_n0303_inv                       | 9                | 16             |
| clk_BUFGP                                                    |                                                             |            | CPU_map/Register_map/_n0307_inv                       | 7                | 16             |
| clk_BUFGP                                                    |                                                             |            | CPU_map/Register_map/_n0311_inv                       | 10               | 16             |
| clk_BUFGP                                                    |                                                             |            | CPU_map/Register_map/_n0315_inv                       | 4                | 16             |
| clk_BUFGP                                                    |                                                             |            | CPU_map/Register_map/_n0319_inv                       | 10               | 16             |
| clk_BUFGP                                                    |                                                             |            | CPU_map/Register_map/_n0324_inv                       | 4                | 16             |
| clk_BUFGP                                                    |                                                             |            | CPU_map/k_flag                                        | 4                | 7              |
| clk_BUFGP                                                    | CPU_map/ALU_map/_n0112_0                                    |            |                                                       | 1                | 1              |
| clk_BUFGP                                                    | CPU_map/KBD_ENC_map/rst_BC11_OR_60_o                        |            | CPU_map/KBD_ENC_map/PS2Clk_op                         | 1                | 4              |
| clk_BUFGP                                                    | CPU_map/bootloader_map/bootloader_uart_map/rst_sp_AND_102_o |            | CPU_map/bootloader_map/bootloader_uart_map/sp         | 3                | 9              |
| clk_BUFGP                                                    | CPU_map/rst_booting_OR_267_o                                |            |                                                       | 2                | 2              |
| clk_BUFGP                                                    | rst_IBUF                                                    |            |                                                       | 82               | 189            |
| clk_BUFGP                                                    | rst_IBUF                                                    |            | CPU_map/KBD_ENC_map/PS2Clk_op                         | 3                | 10             |
| clk_BUFGP                                                    | rst_IBUF                                                    |            | CPU_map/Mmux_reg_file_out_y[15]_GND_5_o_mux_45_OUT41  | 3                | 11             |
| clk_BUFGP                                                    | rst_IBUF                                                    |            | CPU_map/_n0275_inv                                    | 3                | 16             |
| clk_BUFGP                                                    | rst_IBUF                                                    |            | CPU_map/bootloader_map/_n0201_inv                     | 5                | 22             |
| clk_BUFGP                                                    | rst_IBUF                                                    |            | CPU_map/bootloader_map/_n0212_inv                     | 2                | 16             |
| clk_BUFGP                                                    | rst_IBUF                                                    |            | CPU_map/bootloader_map/bootloader_uart_map/_n0070_inv | 4                | 10             |
| clk_BUFGP                                                    | rst_IBUF                                                    |            | CPU_map/bootloader_map/bootloader_uart_map/_n0081_inv | 1                | 4              |
| clk_BUFGP                                                    | rst_IBUF                                                    |            | VGAM_map/Clk25                                        | 3                | 10             |
| clk_BUFGP                                                    | rst_IBUF                                                    |            | VGAM_map/Clk25_Xpixel[9]_AND_144_o                    | 3                | 10             |
| clk_BUFGP                                                    | rst_IBUF                                                    |            | we_vector<2>                                          | 4                | 16             |
+-------------------------------------------------------------------------------------------------------------------------------------------------------------------------------------------------------------------------------------+
| ~CPU_map/bootloader_map/ascii_sign[7]_ascii_sign[7]_OR_221_o |                                                             |            |                                                       | 1                | 3              |
+-------------------------------------------------------------------------------------------------------------------------------------------------------------------------------------------------------------------------------------+
| ~CPU_map/bootloader_map/hex_sign_3_G                         |                                                             |            |                                                       | 1                | 1              |
+-------------------------------------------------------------------------------------------------------------------------------------------------------------------------------------------------------------------------------------+
| ~CPU_map/bootloader_map/lp                                   |                                                             |            |                                                       | 2                | 8              |
+-------------------------------------------------------------------------------------------------------------------------------------------------------------------------------------------------------------------------------------+

Section 13 - Utilization by Hierarchy
-------------------------------------
+-----------------------------------------------------------------------------------------------------------------------------------------------------------------------------------------------------------------------------+
| Module                 | Partition | Slices*       | Slice Reg     | LUTs          | LUTRAM        | BRAM/FIFO | DSP48A1 | BUFG  | BUFIO | BUFR  | DCM   | PLL_ADV   | Full Hierarchical Name                               |
+-----------------------------------------------------------------------------------------------------------------------------------------------------------------------------------------------------------------------------+
| computer/              |           | 55/421        | 32/589        | 116/812       | 0/0           | 0/6       | 0/0     | 1/1   | 0/0   | 0/0   | 0/0   | 0/0       | computer                                             |
| +CPU_map               |           | 95/342        | 151/501       | 171/626       | 0/0           | 0/2       | 0/0     | 0/0   | 0/0   | 0/0   | 0/0   | 0/0       | computer/CPU_map                                     |
| ++ALU_map              |           | 58/58         | 3/3           | 174/174       | 0/0           | 0/0       | 0/0     | 0/0   | 0/0   | 0/0   | 0/0   | 0/0       | computer/CPU_map/ALU_map                             |
| ++KBD_ENC_map          |           | 23/23         | 21/21         | 53/53         | 0/0           | 0/0       | 0/0     | 0/0   | 0/0   | 0/0   | 0/0   | 0/0       | computer/CPU_map/KBD_ENC_map                         |
| ++PM_map               |           | 0/0           | 0/0           | 0/0           | 0/0           | 2/2       | 0/0     | 0/0   | 0/0   | 0/0   | 0/0   | 0/0       | computer/CPU_map/PM_map                              |
| ++Register_map         |           | 140/140       | 247/247       | 160/160       | 0/0           | 0/0       | 0/0     | 0/0   | 0/0   | 0/0   | 0/0   | 0/0       | computer/CPU_map/Register_map                        |
| ++bootloader_map       |           | 13/26         | 46/79         | 40/68         | 0/0           | 0/0       | 0/0     | 0/0   | 0/0   | 0/0   | 0/0   | 0/0       | computer/CPU_map/bootloader_map                      |
| +++bootloader_uart_map |           | 13/13         | 33/33         | 28/28         | 0/0           | 0/0       | 0/0     | 0/0   | 0/0   | 0/0   | 0/0   | 0/0       | computer/CPU_map/bootloader_map/bootloader_uart_map  |
| +DM_map                |           | 0/0           | 0/0           | 0/0           | 0/0           | 2/2       | 0/0     | 0/0   | 0/0   | 0/0   | 0/0   | 0/0       | computer/DM_map                                      |
| +PICT_MEM_map          |           | 0/0           | 0/0           | 0/0           | 0/0           | 1/1       | 0/0     | 0/0   | 0/0   | 0/0   | 0/0   | 0/0       | computer/PICT_MEM_map                                |
| +TILE_MEM_map          |           | 0/0           | 0/0           | 0/0           | 0/0           | 1/1       | 0/0     | 0/0   | 0/0   | 0/0   | 0/0   | 0/0       | computer/TILE_MEM_map                                |
| +VGAM_map              |           | 24/24         | 56/56         | 70/70         | 0/0           | 0/0       | 0/0     | 0/0   | 0/0   | 0/0   | 0/0   | 0/0       | computer/VGAM_map                                    |
+-----------------------------------------------------------------------------------------------------------------------------------------------------------------------------------------------------------------------------+

* Slices can be packed with basic elements from multiple hierarchies.
  Therefore, a slice will be counted in every hierarchical module
  that each of its packed basic elements belong to.
** For each column, there are two numbers reported <A>/<B>.
   <A> is the number of elements that belong to that specific hierarchical module.
   <B> is the total number of elements from that hierarchical module and any lower level
   hierarchical modules below.
*** The LUTRAM column counts all LUTs used as memory including RAM, ROM, and shift registers.
